<?xml version="1.0" encoding="UTF-8"?>
<!-- Generated by org.testng.reporters.JUnitReportReporter -->
<testsuite hostname="DESKTOP-LU3A498" failures="0" tests="1" name="Testing.ExecuteTestCase" time="2.301" errors="0" timestamp="2024-07-25T12:56:18 IST" skipped="0">
  <testcase classname="Testing.ExecuteTestCase" name="mytestcases" time="2.301"/>
  <system-out/>
</testsuite> <!-- Testing.ExecuteTestCase -->
