<?xml version="1.0" encoding="UTF-8"?>
<!-- Generated by org.testng.reporters.JUnitReportReporter -->
<testsuite hostname="DESKTOP-LU3A498" failures="0" tests="1" name="Testing.SriptingPOM" time="7.464" errors="0" timestamp="2024-07-25T14:00:11 IST" skipped="0">
  <testcase classname="Testing.SriptingPOM" name="mytestcases" time="7.464"/>
  <system-out/>
</testsuite> <!-- Testing.SriptingPOM -->
